2024-04-04 19:18:34,854 - logger1 - INFO - b'gAAAAABmDuDq28kLtbt8ra4vskmX8GjqfyRdl9JkRFAHRFupFv0H0XLVaU3XaNBCVWkoWFuP7Qlndt2jyyeK3wqjts1cTNM61AmHPB__ueuqr8YY_ekTet4='
2024-04-04 19:18:39,989 - logger1 - INFO - b'gAAAAABmDuDvbPj7wXzLETFiU8toGd_rPWr2R4J7J81WzW4-v4sqGDknkGAqzjuSpccZyEUQ1bri82rhKQumc9q2JbfrEiKP_eGN_ZFpu3WVu5rGCZcpxeE='
2024-04-04 19:18:42,526 - logger1 - INFO - b'gAAAAABmDuDyzFJ-lU3LGI9BKr7k6reOVhYTkxLAes9z3ts9BhkNqjgCEO54v_qxungHFYgT4DolLzLgfavwK9fF4ANqNeYzJZuYL6Pq0stTYZZNXpXts8BUV3H689ik1uzd5XEoGP3W'
2024-04-04 19:18:42,528 - logger1 - INFO - b'gAAAAABmDuDyptzy5NkB2v9Dt22U_MJi9BMtiPaF09dOZyBirqnLUsf53nAJzisg9W6r0NDZ-c7CYJwT4WF-kSB44JKOLkpoIm9RbFn8brp3WaXe9MQhN1o='
2024-04-04 19:18:47,664 - logger1 - INFO - b'gAAAAABmDuD39XRHKL2tDNOOiCxj0dVmrT4IC5M0d6WxuWzeNhhytb6mzwDq2vR_2mZTmPo56QGcH1jhpmZ0UMcwod9O6boR1QdFC4QY_RYxjTLXxgJEr6Q='
2024-04-04 19:18:52,784 - logger1 - INFO - b'gAAAAABmDuD839KMRhbUryE6OOaHfkvqQlzikkoYLJYPQ32l-cY7AIjaJpyZ9tVkn7EN51r0wbNBHE6cVDaoQghem1SjkDI2GHiaL0zJO_taQfon39XaYWU='
2024-04-04 19:18:57,404 - logger1 - INFO - b'gAAAAABmDuEB6MkLTlxYz20DTNXXZ-mwORkY9tsYgoD-voFlhSF78_7YxqsjZuIEt0nkjXeINRyjTipje-TUd0dzoKMsX8bI4azv0qoGm3DwhjACEN6PEw4reXVYHUqfsJylOY3ILCXR'
2024-04-04 19:18:57,406 - logger1 - INFO - b'gAAAAABmDuEBHAAFiQutdnStRms8Y0x3UvieBRXg310I597OtaM9txtSvVJHPuwF-XBQyw2Q5USNTo9ig1_d-27rfWRIqgOh_rfMhD5BjVWwMg2Xnvru4u8='
2024-04-04 19:19:02,516 - logger1 - INFO - b'gAAAAABmDuEGN9q6xmziz_8_1Li9rQ1YtdeKU73JrKvcnfvCPBpDCntWxPGHDHuwkDggxXkd-SXIaM8axR7LqhlpACwABFws0y4Wpwf7HFfbBn6Ld3KpRPg='
2024-04-04 19:19:06,585 - logger1 - INFO - b'gAAAAABmDuEKF3u3lmRQHq_x1Un9tuYHWgVP_L4aV8RmPBC3zKwdslybE6lKuWBcxMUGAf99hS_OSoeoVu3aERTWubez_nYbG1cpSdEhyoL2TeCK06tsRxLHEVEHLTDgMf2aGDN6AXnu'
2024-04-04 19:19:06,587 - logger1 - INFO - b'gAAAAABmDuEKX0NocnSo84ZWVDddX5dqYNVmqSkCAUsvEgLNNK5E3em-EpHBAdRGH1C2kQ6YwgedWvRf1u7TD4Iot84D1nXUgKAhONQffysZFkrtWiAjHTc='
2024-04-04 19:19:11,729 - logger1 - INFO - b'gAAAAABmDuEP70ZGFf6cUHDOlQGibROA1ZPKt7SXtaE4CIi99beASuJHVhJRBJ4J4h3p9XIOyTaXDPGuFcIGy6MHMXHZQOM5eISYTuqV8737NO54eC-iyn4='
2024-04-04 19:19:18,377 - logger1 - INFO - b'gAAAAABmDuEWyag4Xp8z-1i7jFMNXxcSEsx5myc3Pq-De1TeP4UQwx1mfgG4302FO612pH2R2Tz_aRbMODEd7zTWHyqpz-Y-2RS6szHqNk0DaxfQFN-giFP7bGU5jbU1PI9quhYOgl3P'
2024-04-04 19:19:18,379 - logger1 - INFO - b'gAAAAABmDuEWY9fHkPUjNXK0_gioy27hwuf7GfT-JgsXWjwqGkLEVsWxzT4_1wcViYnNzAPwSR6qSDvgOVUvAsQo0xAWO-FrjuzBTw-jFGAMM8GDh1JST1I='
2024-04-04 19:19:23,510 - logger1 - INFO - b'gAAAAABmDuEbc6hzW0wcDJ83EzqwmR2ZQZfFFXF0JSr9Pi-q_UaHKSKUPQFX1FSZArHqZ9eYThn1TZ8i9cO9ijtqYeO7MNEei_wTLCE8Hw-HENJrQdSs8eQ='
2024-04-04 19:19:28,608 - logger1 - INFO - b'gAAAAABmDuEg7sR5sWFMXj403CecRO0F13y6F-NUVwEGvpECvIE1XSOKitThvPwXVbXO931mkfEbsUf3Ndb2hvF-j9xzv6n_4lLWVFs3p61XYuu96oasQEU='
2024-04-04 19:19:33,748 - logger1 - INFO - b'gAAAAABmDuElo_GTr-kcTkFlvNOc8lcweBPGaYIIzo-HXhsZoyvlF4FIscqPwvlhbvct9ScAwBvYHmonDETIcDIdRozCjjt7SwCPbhSNAJ4Lp1Ei0wTJCW4='
2024-04-04 19:19:38,868 - logger1 - INFO - b'gAAAAABmDuEqOoLc9_Puw8VjMkE7rS_a4NNoFa4J1ubZtZHJ1GswZvQivsrqA5hN95VTg2drxKqVO87ZJDqwT_pOZZhKhQpqimO6U4-uZsuXeN3BfX-mduw='
2024-04-04 19:19:43,969 - logger1 - INFO - b'gAAAAABmDuEvEh_uh-TlGKTDRVO6M7dL4CGgoinr65OcI_mr_YgG4qlvpEaqo-OmR7bxyAI0MPNOUGqAI8CDG-1gwQCuvfK-7-KmmuBrjyT7PIHt90uAkdE='
2024-04-04 19:19:49,113 - logger1 - INFO - b'gAAAAABmDuE12402Twh-V1a0XyZUzM8Bo0b7XAeZ0yiiFPX-R07jdx2iQ8e16kRRi-PyTngm_wupLstJu00mZFP4JJ98fUwFaWdrA7X6snodFe20fsvi2uY='
2024-04-04 19:19:54,239 - logger1 - INFO - b'gAAAAABmDuE6Olq2KqZAR_jbN7wjZ1xtyveY6lAHVKQY7ZwGaEqvIkhVWG-q9xMO6G_QIM3ucEB4TkIm8xOj9c24weWKMih1N6I90XT_IJE6q1nmHIjVWyc='
2024-04-04 19:19:59,317 - logger1 - INFO - b'gAAAAABmDuE_7qljTVoqt_zCaLN-_2wFujC08MrRS4TmQ7fRgGaFLnmIYkoTZVROMgEteP2LOHUve_FE8NAhDTKowKhzws-JPjiJFHjd67tpgy7G5y8BsCw='
